<?xml version="1.0" encoding="UTF-8"?>
<!-- Generated by org.testng.reporters.JUnitReportReporter -->
<testsuite hostname="Mukul" failures="0" tests="1" name="testcases.RegistationPageTest" time="0.000" errors="0" timestamp="2021-02-06T11:02:10 EST" skipped="1">
  <testcase classname="testcases.RegistationPageTest" name="validateCreateaccount" time="0.000">
    <skipped/>
  </testcase> <!-- validateCreateaccount -->
  <system-out/>
</testsuite> <!-- testcases.RegistationPageTest -->
