<?xml version="1.0" encoding="UTF-8"?>
<!-- Generated by org.testng.reporters.JUnitReportReporter -->
<testsuite hostname="Mukul" failures="0" tests="1" name="testcases.SigninPageTest" time="20.730" errors="0" timestamp="2021-02-06T11:02:10 EST" skipped="0">
  <testcase classname="testcases.SigninPageTest" name="serchBox" time="20.730"/>
  <system-out/>
</testsuite> <!-- testcases.SigninPageTest -->
