<?xml version="1.0" encoding="UTF-8"?>
<!-- Generated by org.testng.reporters.JUnitReportReporter -->
<testsuite hostname="Mukul" failures="0" tests="2" name="testcases.SearchBoxTest" time="47.062" errors="0" timestamp="2021-02-06T11:02:10 EST" skipped="0">
  <testcase classname="testcases.SearchBoxTest" name="serchBox" time="21.613"/>
  <system-out/>
  <testcase classname="testcases.SearchBoxTest" name="Searchitem" time="25.449"/>
  <system-out/>
</testsuite> <!-- testcases.SearchBoxTest -->
